<?xml version="1.0" encoding="UTF-8"?>
<testsuite xmlns:xsi="http://www.w3.org/2001/XMLSchema-instance" xsi:noNamespaceSchemaLocation="https://maven.apache.org/surefire/maven-surefire-plugin/xsd/surefire-test-report.xsd" name="runner.TestRunner" time="59.302" tests="5" errors="0" skipped="0" failures="0">
  <properties>
[...]
</properties>
  <testcase name="Login with valid credentials" classname="Login functionality" time="11.348"/>
  <testcase name="Login with wrong credentials" classname="Login functionality" time="6.48"/>
  <testcase name="Login with wrong username and valid password and valid captcha" classname="Login functionality" time="12.082"/>
  <testcase name="Login with valid username and wrong password and valid captcha" classname="Login functionality" time="19.379"/>
  <testcase name="Login with valid username and valid password and wrong captcha" classname="Login functionality" time="6.2"/>
</testsuite>